This file contains any messages produced by compilers while
running configure, to aid debugging if configure makes a mistake.

It was created by libltdl configure 2.2.4, which was
generated by GNU Autoconf 2.61.  Invocation command line was

  $ ./configure --prefix=/data/see CC=gcc --enable-ltdl-convenience --cache-file=/dev/null --srcdir=.

## --------- ##
## Platform. ##
## --------- ##

hostname = simplemac.local
uname -m = x86_64
uname -r = 15.4.0
uname -s = Darwin
uname -v = Darwin Kernel Version 15.4.0: Sun Jan  3 21:35:22 PST 2016; root:xnu-3248.40.155~11/RELEASE_X86_64

/usr/bin/uname -p = i386
/bin/uname -X     = unknown

/bin/arch              = unknown
/usr/bin/arch -k       = unknown
/usr/convex/getsysinfo = unknown
/usr/bin/hostinfo      = Mach kernel version:
	 Darwin Kernel Version 15.4.0: Sun Jan  3 21:35:22 PST 2016; root:xnu-3248.40.155~11/RELEASE_X86_64
Kernel configured for up to 4 processors.
2 processors are physically available.
4 processors are logically available.
Processor type: i486 (Intel 80486)
Processors active: 0 1 2 3
Primary memory available: 8.00 gigabytes
Default processor set: 260 tasks, 1063 threads, 4 processors
Load average: 4.22, Mach factor: 1.11
/bin/machine           = unknown
/usr/bin/oslevel       = unknown
/bin/universe          = unknown

PATH: /Users/xingyue/.vim/bin
PATH: /Library/Frameworks/Python.framework/Versions/2.7/bin
PATH: /usr/local/bin
PATH: /usr/bin
PATH: /bin
PATH: /usr/sbin
PATH: /sbin
PATH: /Users/xingyue/bin
PATH: /Users/xingyue/sina/bin
PATH: /data0/php/bin
PATH: /data0/cmake/bin
PATH: /data0/tools
PATH: /Users/xingyue/outcode/git/homebrew/bin
PATH: /Users/xingyue/bin/android-sdk-macosx/platform-tools
PATH: /Users/xingyue/bin/android-sdk-macosx/tools
PATH: /Users/xingyue/.nvm/versions/node/v5.0.0/bin/
PATH: /data0/go/bin
PATH: /data0/shareGo/bin


## ----------- ##
## Core tests. ##
## ----------- ##

configure:1996: checking for a BSD-compatible install
configure:2052: result: /usr/bin/install -c
configure:2063: checking whether build environment is sane
configure:2106: result: yes
configure:2134: checking for a thread-safe mkdir -p
configure:2173: result: /Users/xingyue/outcode/git/homebrew/bin/gmkdir -p
configure:2186: checking for gawk
configure:2216: result: no
configure:2186: checking for mawk
configure:2216: result: no
configure:2186: checking for nawk
configure:2216: result: no
configure:2186: checking for awk
configure:2202: found /usr/bin/awk
configure:2213: result: awk
configure:2224: checking whether make sets $(MAKE)
configure:2245: result: yes
configure:2475: checking build system type
configure:2493: result: i386-apple-darwin15.4.0
configure:2515: checking host system type
configure:2530: result: i386-apple-darwin15.4.0
configure:2564: checking for style of include used by make
configure:2592: result: GNU
configure:2662: checking for gcc
configure:2689: result: gcc
configure:2927: checking for C compiler version
configure:2934: gcc --version >&5
Configured with: --prefix=/Applications/Xcode.app/Contents/Developer/usr --with-gxx-include-dir=/usr/include/c++/4.2.1
Apple LLVM version 7.0.2 (clang-700.1.81)
Target: x86_64-apple-darwin15.4.0
Thread model: posix
configure:2937: $? = 0
configure:2944: gcc -v >&5
Configured with: --prefix=/Applications/Xcode.app/Contents/Developer/usr --with-gxx-include-dir=/usr/include/c++/4.2.1
Apple LLVM version 7.0.2 (clang-700.1.81)
Target: x86_64-apple-darwin15.4.0
Thread model: posix
configure:2947: $? = 0
configure:2954: gcc -V >&5
clang: error: argument to '-V' is missing (expected 1 value)
clang: error: no input files
configure:2957: $? = 1
configure:2980: checking for C compiler default output file name
configure:3007: gcc    conftest.c  >&5
configure:3010: $? = 0
configure:3048: result: a.out
configure:3065: checking whether the C compiler works
configure:3075: ./a.out
configure:3078: $? = 0
configure:3095: result: yes
configure:3102: checking whether we are cross compiling
configure:3104: result: no
configure:3107: checking for suffix of executables
configure:3114: gcc -o conftest    conftest.c  >&5
configure:3117: $? = 0
configure:3141: result: 
configure:3147: checking for suffix of object files
configure:3173: gcc -c   conftest.c >&5
configure:3176: $? = 0
configure:3199: result: o
configure:3203: checking whether we are using the GNU C compiler
configure:3232: gcc -c   conftest.c >&5
configure:3238: $? = 0
configure:3255: result: yes
configure:3260: checking whether gcc accepts -g
configure:3290: gcc -c -g  conftest.c >&5
configure:3296: $? = 0
configure:3395: result: yes
configure:3412: checking for gcc option to accept ISO C89
configure:3486: gcc  -c -g -O2  conftest.c >&5
configure:3492: $? = 0
configure:3515: result: none needed
configure:3535: checking dependency style of gcc
configure:3626: result: gcc3
configure:3641: checking for a sed that does not truncate output
configure:3720: result: /usr/bin/sed
configure:3738: checking for grep that handles long lines and -e
configure:3812: result: /usr/bin/grep
configure:3817: checking for egrep
configure:3895: result: /usr/bin/grep -E
configure:3900: checking for fgrep
configure:3978: result: /usr/bin/grep -F
configure:4013: checking for ld used by gcc
configure:4080: result: /Applications/Xcode.app/Contents/Developer/Toolchains/XcodeDefault.xctoolchain/usr/bin/ld
configure:4089: checking if the linker (/Applications/Xcode.app/Contents/Developer/Toolchains/XcodeDefault.xctoolchain/usr/bin/ld) is GNU ld
configure:4104: result: no
configure:4116: checking for BSD- or MS-compatible name lister (nm)
configure:4165: result: /usr/bin/nm
configure:4287: checking the name lister (/usr/bin/nm) interface
configure:4294: gcc -c -g -O2  conftest.c >&5
configure:4297: /usr/bin/nm "conftest.o"
configure:4300: output
0000000000000208 S _some_variable
configure:4307: result: BSD nm
configure:4310: checking whether ln -s works
configure:4314: result: yes
configure:4322: checking the maximum length of command line arguments
configure:4442: result: 196608
configure:4459: checking whether the shell understands some XSI constructs
configure:4469: result: yes
configure:4473: checking whether the shell understands "+="
configure:4479: result: yes
configure:4514: checking for /Applications/Xcode.app/Contents/Developer/Toolchains/XcodeDefault.xctoolchain/usr/bin/ld option to reload object files
configure:4521: result: -r
configure:4548: checking how to recognize dependent libraries
configure:4738: result: pass_all
configure:4798: checking for ar
configure:4814: found /usr/bin/ar
configure:4825: result: ar
configure:4907: checking for strip
configure:4923: found /usr/bin/strip
configure:4934: result: strip
configure:5010: checking for ranlib
configure:5026: found /usr/bin/ranlib
configure:5037: result: ranlib
configure:5131: checking command to parse /usr/bin/nm output from gcc object
configure:5249: gcc -c -g -O2  conftest.c >&5
configure:5252: $? = 0
configure:5256: /usr/bin/nm conftest.o \| sed -n -e 's/^.*[	 ]\([BCDEGRST][BCDEGRST]*\)[	 ][	 ]*\([_A-Za-z][_A-Za-z0-9]*\)$/\1 \2 \2/p' \> conftest.nm
configure:5259: $? = 0
cannot find nm_test_var in conftest.nm
configure:5249: gcc -c -g -O2  conftest.c >&5
configure:5252: $? = 0
configure:5256: /usr/bin/nm conftest.o \| sed -n -e 's/^.*[	 ]\([BCDEGRST][BCDEGRST]*\)[	 ][	 ]*_\([_A-Za-z][_A-Za-z0-9]*\)$/\1 _\2 \2/p' \> conftest.nm
configure:5259: $? = 0
configure:5313: gcc -o conftest -g -O2   conftest.c conftstm.o >&5
warning: (x86_64)  could not find object file symbol for symbol _main
configure:5316: $? = 0
configure:5354: result: ok
configure:5644: checking for dsymutil
configure:5660: found /usr/bin/dsymutil
configure:5671: result: dsymutil
configure:5740: checking for nmedit
configure:5756: found /usr/bin/nmedit
configure:5767: result: nmedit
configure:5836: checking for lipo
configure:5852: found /usr/bin/lipo
configure:5863: result: lipo
configure:5932: checking for otool
configure:5948: found /usr/bin/otool
configure:5959: result: otool
configure:6028: checking for otool64
configure:6058: result: no
configure:6107: checking for -single_module linker flag
gcc -g -O2  -o libconftest.dylib -dynamiclib -Wl,-single_module conftest.c
configure:6134: result: yes
configure:6136: checking for -exported_symbols_list linker flag
configure:6166: gcc -o conftest -g -O2   -Wl,-exported_symbols_list,conftest.sym conftest.c  >&5
configure:6172: $? = 0
configure:6191: result: yes
configure:6233: checking how to run the C preprocessor
configure:6273: gcc -E  conftest.c
configure:6279: $? = 0
configure:6310: gcc -E  conftest.c
conftest.c:10:10: fatal error: 'ac_nonexistent.h' file not found
#include <ac_nonexistent.h>
         ^
1 error generated.
configure:6316: $? = 1
configure: failed program was:
| /* confdefs.h.  */
| #define PACKAGE_NAME "libltdl"
| #define PACKAGE_TARNAME "libltdl"
| #define PACKAGE_VERSION "2.2.4"
| #define PACKAGE_STRING "libltdl 2.2.4"
| #define PACKAGE_BUGREPORT "bug-libtool@gnu.org"
| #define PACKAGE "libltdl"
| #define VERSION "2.2.4"
| /* end confdefs.h.  */
| #include <ac_nonexistent.h>
configure:6349: result: gcc -E
configure:6378: gcc -E  conftest.c
configure:6384: $? = 0
configure:6415: gcc -E  conftest.c
conftest.c:10:10: fatal error: 'ac_nonexistent.h' file not found
#include <ac_nonexistent.h>
         ^
1 error generated.
configure:6421: $? = 1
configure: failed program was:
| /* confdefs.h.  */
| #define PACKAGE_NAME "libltdl"
| #define PACKAGE_TARNAME "libltdl"
| #define PACKAGE_VERSION "2.2.4"
| #define PACKAGE_STRING "libltdl 2.2.4"
| #define PACKAGE_BUGREPORT "bug-libtool@gnu.org"
| #define PACKAGE "libltdl"
| #define VERSION "2.2.4"
| /* end confdefs.h.  */
| #include <ac_nonexistent.h>
configure:6459: checking for ANSI C header files
configure:6489: gcc -c -g -O2  conftest.c >&5
configure:6495: $? = 0
configure:6594: gcc -o conftest -g -O2   conftest.c  >&5
configure:6597: $? = 0
configure:6603: ./conftest
configure:6606: $? = 0
configure:6623: result: yes
configure:6647: checking for sys/types.h
configure:6668: gcc -c -g -O2  conftest.c >&5
configure:6674: $? = 0
configure:6690: result: yes
configure:6647: checking for sys/stat.h
configure:6668: gcc -c -g -O2  conftest.c >&5
configure:6674: $? = 0
configure:6690: result: yes
configure:6647: checking for stdlib.h
configure:6668: gcc -c -g -O2  conftest.c >&5
configure:6674: $? = 0
configure:6690: result: yes
configure:6647: checking for string.h
configure:6668: gcc -c -g -O2  conftest.c >&5
configure:6674: $? = 0
configure:6690: result: yes
configure:6647: checking for memory.h
configure:6668: gcc -c -g -O2  conftest.c >&5
configure:6674: $? = 0
configure:6690: result: yes
configure:6647: checking for strings.h
configure:6668: gcc -c -g -O2  conftest.c >&5
configure:6674: $? = 0
configure:6690: result: yes
configure:6647: checking for inttypes.h
configure:6668: gcc -c -g -O2  conftest.c >&5
configure:6674: $? = 0
configure:6690: result: yes
configure:6647: checking for stdint.h
configure:6668: gcc -c -g -O2  conftest.c >&5
configure:6674: $? = 0
configure:6690: result: yes
configure:6647: checking for unistd.h
configure:6668: gcc -c -g -O2  conftest.c >&5
configure:6674: $? = 0
configure:6690: result: yes
configure:6706: checking for dlfcn.h
configure:6727: gcc -c -g -O2  conftest.c >&5
configure:6733: $? = 0
configure:6749: result: yes
configure:7242: checking for objdir
configure:7257: result: .libs
configure:7553: checking if gcc supports -fno-rtti -fno-exceptions
configure:7571: gcc -c -g -O2  -fno-rtti -fno-exceptions conftest.c >&5
configure:7575: $? = 0
configure:7588: result: yes
configure:7608: checking for gcc option to produce PIC
configure:7865: result: -fno-common -DPIC
configure:7877: checking if gcc PIC flag -fno-common -DPIC works
configure:7895: gcc -c -g -O2  -fno-common -DPIC -DPIC conftest.c >&5
configure:7899: $? = 0
configure:7912: result: yes
configure:7936: checking if gcc static flag -static works
configure:7964: result: no
configure:7979: checking if gcc supports -c -o file.o
configure:8000: gcc -c -g -O2  -o out/conftest2.o conftest.c >&5
configure:8004: $? = 0
configure:8026: result: yes
configure:8034: checking if gcc supports -c -o file.o
configure:8081: result: yes
configure:8114: checking whether the gcc linker (/Applications/Xcode.app/Contents/Developer/Toolchains/XcodeDefault.xctoolchain/usr/bin/ld) supports shared libraries
configure:9169: result: yes
configure:9408: checking dynamic linker characteristics
configure:10099: result: darwin15.4.0 dyld
configure:10201: checking how to hardcode library paths into programs
configure:10226: result: immediate
configure:10271: checking for dlopen in -ldl
configure:10306: gcc -o conftest -g -O2   conftest.c -ldl   >&5
configure:10312: $? = 0
configure:10330: result: yes
configure:10805: checking whether a program can dlopen itself
configure:10879: gcc -o conftest -g -O2  -DHAVE_DLFCN_H   conftest.c -ldl  >&5
configure:10875:5: warning: implicitly declaring library function 'exit' with type 'void (int) __attribute__((noreturn))'
    exit (status);
    ^
configure:10875:5: note: include the header <stdlib.h> or explicitly provide a declaration for 'exit'
1 warning generated.
configure:10882: $? = 0
configure:10900: result: yes
configure:10905: checking whether a statically linked program can dlopen itself
configure:10979: gcc -o conftest -g -O2  -DHAVE_DLFCN_H    conftest.c -ldl  >&5
configure:10975:5: warning: implicitly declaring library function 'exit' with type 'void (int) __attribute__((noreturn))'
    exit (status);
    ^
configure:10975:5: note: include the header <stdlib.h> or explicitly provide a declaration for 'exit'
1 warning generated.
configure:10982: $? = 0
configure:11000: result: yes
configure:11039: checking whether stripping libraries is possible
configure:11053: result: yes
configure:11079: checking if libtool supports shared libraries
configure:11081: result: yes
configure:11084: checking whether to build shared libraries
configure:11105: result: yes
configure:11108: checking whether to build static libraries
configure:11112: result: yes
configure:11147: checking which extension is used for runtime loadable modules
configure:11157: result: .so
configure:11167: checking which variable specifies run-time module search path
configure:11174: result: DYLD_LIBRARY_PATH
configure:11184: checking for the default library search path
configure:11191: result: /usr/local/lib /lib /usr/lib
configure:11221: checking for library containing dlopen
configure:11262: gcc -o conftest -g -O2   conftest.c  >&5
configure:11268: $? = 0
configure:11296: result: none required
configure:11444: checking for dlerror
configure:11500: gcc -o conftest -g -O2   conftest.c   >&5
configure:11506: $? = 0
configure:11524: result: yes
configure:11539: checking for shl_load
configure:11595: gcc -o conftest -g -O2   conftest.c  >&5
Undefined symbols for architecture x86_64:
  "_shl_load", referenced from:
      _main in conftest-cac30e.o
ld: symbol(s) not found for architecture x86_64
clang: error: linker command failed with exit code 1 (use -v to see invocation)
configure:11601: $? = 1
configure: failed program was:
| /* confdefs.h.  */
| #define PACKAGE_NAME "libltdl"
| #define PACKAGE_TARNAME "libltdl"
| #define PACKAGE_VERSION "2.2.4"
| #define PACKAGE_STRING "libltdl 2.2.4"
| #define PACKAGE_BUGREPORT "bug-libtool@gnu.org"
| #define PACKAGE "libltdl"
| #define VERSION "2.2.4"
| #define STDC_HEADERS 1
| #define HAVE_SYS_TYPES_H 1
| #define HAVE_SYS_STAT_H 1
| #define HAVE_STDLIB_H 1
| #define HAVE_STRING_H 1
| #define HAVE_MEMORY_H 1
| #define HAVE_STRINGS_H 1
| #define HAVE_INTTYPES_H 1
| #define HAVE_STDINT_H 1
| #define HAVE_UNISTD_H 1
| #define HAVE_DLFCN_H 1
| #define LT_OBJDIR ".libs/"
| #define LT_MODULE_EXT ".so"
| #define LT_MODULE_PATH_VAR "DYLD_LIBRARY_PATH"
| #define LT_DLSEARCH_PATH "/usr/local/lib:/lib:/usr/lib"
| #define HAVE_LIBDL 1
| #define HAVE_DLERROR 1
| /* end confdefs.h.  */
| /* Define shl_load to an innocuous variant, in case <limits.h> declares shl_load.
|    For example, HP-UX 11i <limits.h> declares gettimeofday.  */
| #define shl_load innocuous_shl_load
| 
| /* System header to define __stub macros and hopefully few prototypes,
|     which can conflict with char shl_load (); below.
|     Prefer <limits.h> to <assert.h> if __STDC__ is defined, since
|     <limits.h> exists even on freestanding compilers.  */
| 
| #ifdef __STDC__
| # include <limits.h>
| #else
| # include <assert.h>
| #endif
| 
| #undef shl_load
| 
| /* Override any GCC internal prototype to avoid an error.
|    Use char because int might match the return type of a GCC
|    builtin and then its argument prototype would still apply.  */
| #ifdef __cplusplus
| extern "C"
| #endif
| char shl_load ();
| /* The GNU C library defines this for functions which it implements
|     to always fail with ENOSYS.  Some functions are actually named
|     something starting with __ and the normal name is an alias.  */
| #if defined __stub_shl_load || defined __stub___shl_load
| choke me
| #endif
| 
| int
| main ()
| {
| return shl_load ();
|   ;
|   return 0;
| }
configure:11618: result: no
configure:11628: checking for shl_load in -ldld
configure:11663: gcc -o conftest -g -O2   conftest.c -ldld   >&5
ld: library not found for -ldld
clang: error: linker command failed with exit code 1 (use -v to see invocation)
configure:11669: $? = 1
configure: failed program was:
| /* confdefs.h.  */
| #define PACKAGE_NAME "libltdl"
| #define PACKAGE_TARNAME "libltdl"
| #define PACKAGE_VERSION "2.2.4"
| #define PACKAGE_STRING "libltdl 2.2.4"
| #define PACKAGE_BUGREPORT "bug-libtool@gnu.org"
| #define PACKAGE "libltdl"
| #define VERSION "2.2.4"
| #define STDC_HEADERS 1
| #define HAVE_SYS_TYPES_H 1
| #define HAVE_SYS_STAT_H 1
| #define HAVE_STDLIB_H 1
| #define HAVE_STRING_H 1
| #define HAVE_MEMORY_H 1
| #define HAVE_STRINGS_H 1
| #define HAVE_INTTYPES_H 1
| #define HAVE_STDINT_H 1
| #define HAVE_UNISTD_H 1
| #define HAVE_DLFCN_H 1
| #define LT_OBJDIR ".libs/"
| #define LT_MODULE_EXT ".so"
| #define LT_MODULE_PATH_VAR "DYLD_LIBRARY_PATH"
| #define LT_DLSEARCH_PATH "/usr/local/lib:/lib:/usr/lib"
| #define HAVE_LIBDL 1
| #define HAVE_DLERROR 1
| /* end confdefs.h.  */
| 
| /* Override any GCC internal prototype to avoid an error.
|    Use char because int might match the return type of a GCC
|    builtin and then its argument prototype would still apply.  */
| #ifdef __cplusplus
| extern "C"
| #endif
| char shl_load ();
| int
| main ()
| {
| return shl_load ();
|   ;
|   return 0;
| }
configure:11687: result: no
configure:11874: checking for dld_link in -ldld
configure:11909: gcc -o conftest -g -O2   conftest.c -ldld   >&5
ld: library not found for -ldld
clang: error: linker command failed with exit code 1 (use -v to see invocation)
configure:11915: $? = 1
configure: failed program was:
| /* confdefs.h.  */
| #define PACKAGE_NAME "libltdl"
| #define PACKAGE_TARNAME "libltdl"
| #define PACKAGE_VERSION "2.2.4"
| #define PACKAGE_STRING "libltdl 2.2.4"
| #define PACKAGE_BUGREPORT "bug-libtool@gnu.org"
| #define PACKAGE "libltdl"
| #define VERSION "2.2.4"
| #define STDC_HEADERS 1
| #define HAVE_SYS_TYPES_H 1
| #define HAVE_SYS_STAT_H 1
| #define HAVE_STDLIB_H 1
| #define HAVE_STRING_H 1
| #define HAVE_MEMORY_H 1
| #define HAVE_STRINGS_H 1
| #define HAVE_INTTYPES_H 1
| #define HAVE_STDINT_H 1
| #define HAVE_UNISTD_H 1
| #define HAVE_DLFCN_H 1
| #define LT_OBJDIR ".libs/"
| #define LT_MODULE_EXT ".so"
| #define LT_MODULE_PATH_VAR "DYLD_LIBRARY_PATH"
| #define LT_DLSEARCH_PATH "/usr/local/lib:/lib:/usr/lib"
| #define HAVE_LIBDL 1
| #define HAVE_DLERROR 1
| /* end confdefs.h.  */
| 
| /* Override any GCC internal prototype to avoid an error.
|    Use char because int might match the return type of a GCC
|    builtin and then its argument prototype would still apply.  */
| #ifdef __cplusplus
| extern "C"
| #endif
| char dld_link ();
| int
| main ()
| {
| return dld_link ();
|   ;
|   return 0;
| }
configure:11933: result: no
configure:11971: checking for _ prefix in compiled symbols
configure:11981: gcc -c -g -O2  conftest.c >&5
conftest.c:2:12: warning: expression result unused [-Wunused-value]
int main(){nm_test_func;return 0;}
           ^~~~~~~~~~~~
1 warning generated.
configure:11984: $? = 0
configure:11988: /usr/bin/nm conftest.o \| sed -n -e 's/^.*[	 ]\([BCDEGRST][BCDEGRST]*\)[	 ][	 ]*_\([_A-Za-z][_A-Za-z0-9]*\)$/\1 _\2 \2/p' \> conftest.nm
configure:11991: $? = 0
configure:12013: result: yes
configure:12021: checking whether we have to add an underscore for dlsym
configure:12098: gcc -o conftest -g -O2   conftest.c   >&5
configure:12094:5: warning: implicitly declaring library function 'exit' with type 'void (int) __attribute__((noreturn))'
    exit (status);
    ^
configure:12094:5: note: include the header <stdlib.h> or explicitly provide a declaration for 'exit'
1 warning generated.
configure:12101: $? = 0
configure:12120: result: no
configure:12133: checking whether deplibs are loaded by dlopen
configure:12227: result: yes
configure:12243: checking for argz.h
configure:12264: gcc -c -g -O2  conftest.c >&5
conftest.c:62:10: fatal error: 'argz.h' file not found
#include <argz.h>
         ^
1 error generated.
configure:12270: $? = 1
configure: failed program was:
| /* confdefs.h.  */
| #define PACKAGE_NAME "libltdl"
| #define PACKAGE_TARNAME "libltdl"
| #define PACKAGE_VERSION "2.2.4"
| #define PACKAGE_STRING "libltdl 2.2.4"
| #define PACKAGE_BUGREPORT "bug-libtool@gnu.org"
| #define PACKAGE "libltdl"
| #define VERSION "2.2.4"
| #define STDC_HEADERS 1
| #define HAVE_SYS_TYPES_H 1
| #define HAVE_SYS_STAT_H 1
| #define HAVE_STDLIB_H 1
| #define HAVE_STRING_H 1
| #define HAVE_MEMORY_H 1
| #define HAVE_STRINGS_H 1
| #define HAVE_INTTYPES_H 1
| #define HAVE_STDINT_H 1
| #define HAVE_UNISTD_H 1
| #define HAVE_DLFCN_H 1
| #define LT_OBJDIR ".libs/"
| #define LT_MODULE_EXT ".so"
| #define LT_MODULE_PATH_VAR "DYLD_LIBRARY_PATH"
| #define LT_DLSEARCH_PATH "/usr/local/lib:/lib:/usr/lib"
| #define HAVE_LIBDL 1
| #define HAVE_DLERROR 1
| #define HAVE_LIBDLLOADER 1
| /* end confdefs.h.  */
| #include <stdio.h>
| #ifdef HAVE_SYS_TYPES_H
| # include <sys/types.h>
| #endif
| #ifdef HAVE_SYS_STAT_H
| # include <sys/stat.h>
| #endif
| #ifdef STDC_HEADERS
| # include <stdlib.h>
| # include <stddef.h>
| #else
| # ifdef HAVE_STDLIB_H
| #  include <stdlib.h>
| # endif
| #endif
| #ifdef HAVE_STRING_H
| # if !defined STDC_HEADERS && defined HAVE_MEMORY_H
| #  include <memory.h>
| # endif
| # include <string.h>
| #endif
| #ifdef HAVE_STRINGS_H
| # include <strings.h>
| #endif
| #ifdef HAVE_INTTYPES_H
| # include <inttypes.h>
| #endif
| #ifdef HAVE_STDINT_H
| # include <stdint.h>
| #endif
| #ifdef HAVE_UNISTD_H
| # include <unistd.h>
| #endif
| 
| #include <argz.h>
configure:12286: result: no
configure:12298: checking for error_t
configure:12331: gcc -c -g -O2  conftest.c >&5
conftest.c:32:9: error: unknown type name 'error_t'
typedef error_t ac__type_new_;
        ^
1 error generated.
configure:12337: $? = 1
configure: failed program was:
| /* confdefs.h.  */
| #define PACKAGE_NAME "libltdl"
| #define PACKAGE_TARNAME "libltdl"
| #define PACKAGE_VERSION "2.2.4"
| #define PACKAGE_STRING "libltdl 2.2.4"
| #define PACKAGE_BUGREPORT "bug-libtool@gnu.org"
| #define PACKAGE "libltdl"
| #define VERSION "2.2.4"
| #define STDC_HEADERS 1
| #define HAVE_SYS_TYPES_H 1
| #define HAVE_SYS_STAT_H 1
| #define HAVE_STDLIB_H 1
| #define HAVE_STRING_H 1
| #define HAVE_MEMORY_H 1
| #define HAVE_STRINGS_H 1
| #define HAVE_INTTYPES_H 1
| #define HAVE_STDINT_H 1
| #define HAVE_UNISTD_H 1
| #define HAVE_DLFCN_H 1
| #define LT_OBJDIR ".libs/"
| #define LT_MODULE_EXT ".so"
| #define LT_MODULE_PATH_VAR "DYLD_LIBRARY_PATH"
| #define LT_DLSEARCH_PATH "/usr/local/lib:/lib:/usr/lib"
| #define HAVE_LIBDL 1
| #define HAVE_DLERROR 1
| #define HAVE_LIBDLLOADER 1
| /* end confdefs.h.  */
| #if defined(HAVE_ARGZ_H)
| #  include <argz.h>
| #endif
| 
| typedef error_t ac__type_new_;
| int
| main ()
| {
| if ((ac__type_new_ *) 0)
|   return 0;
| if (sizeof (ac__type_new_))
|   return 0;
|   ;
|   return 0;
| }
configure:12352: result: no
configure:12387: checking for argz_add
configure:12443: gcc -o conftest -g -O2   conftest.c  >&5
Undefined symbols for architecture x86_64:
  "_argz_add", referenced from:
      _main in conftest-7a8623.o
ld: symbol(s) not found for architecture x86_64
clang: error: linker command failed with exit code 1 (use -v to see invocation)
configure:12449: $? = 1
configure: failed program was:
| /* confdefs.h.  */
| #define PACKAGE_NAME "libltdl"
| #define PACKAGE_TARNAME "libltdl"
| #define PACKAGE_VERSION "2.2.4"
| #define PACKAGE_STRING "libltdl 2.2.4"
| #define PACKAGE_BUGREPORT "bug-libtool@gnu.org"
| #define PACKAGE "libltdl"
| #define VERSION "2.2.4"
| #define STDC_HEADERS 1
| #define HAVE_SYS_TYPES_H 1
| #define HAVE_SYS_STAT_H 1
| #define HAVE_STDLIB_H 1
| #define HAVE_STRING_H 1
| #define HAVE_MEMORY_H 1
| #define HAVE_STRINGS_H 1
| #define HAVE_INTTYPES_H 1
| #define HAVE_STDINT_H 1
| #define HAVE_UNISTD_H 1
| #define HAVE_DLFCN_H 1
| #define LT_OBJDIR ".libs/"
| #define LT_MODULE_EXT ".so"
| #define LT_MODULE_PATH_VAR "DYLD_LIBRARY_PATH"
| #define LT_DLSEARCH_PATH "/usr/local/lib:/lib:/usr/lib"
| #define HAVE_LIBDL 1
| #define HAVE_DLERROR 1
| #define HAVE_LIBDLLOADER 1
| #define error_t int
| #define __error_t_defined 1
| /* end confdefs.h.  */
| /* Define argz_add to an innocuous variant, in case <limits.h> declares argz_add.
|    For example, HP-UX 11i <limits.h> declares gettimeofday.  */
| #define argz_add innocuous_argz_add
| 
| /* System header to define __stub macros and hopefully few prototypes,
|     which can conflict with char argz_add (); below.
|     Prefer <limits.h> to <assert.h> if __STDC__ is defined, since
|     <limits.h> exists even on freestanding compilers.  */
| 
| #ifdef __STDC__
| # include <limits.h>
| #else
| # include <assert.h>
| #endif
| 
| #undef argz_add
| 
| /* Override any GCC internal prototype to avoid an error.
|    Use char because int might match the return type of a GCC
|    builtin and then its argument prototype would still apply.  */
| #ifdef __cplusplus
| extern "C"
| #endif
| char argz_add ();
| /* The GNU C library defines this for functions which it implements
|     to always fail with ENOSYS.  Some functions are actually named
|     something starting with __ and the normal name is an alias.  */
| #if defined __stub_argz_add || defined __stub___argz_add
| choke me
| #endif
| 
| int
| main ()
| {
| return argz_add ();
|   ;
|   return 0;
| }
configure:12467: result: no
configure:12387: checking for argz_append
configure:12443: gcc -o conftest -g -O2   conftest.c  >&5
Undefined symbols for architecture x86_64:
  "_argz_append", referenced from:
      _main in conftest-16a569.o
ld: symbol(s) not found for architecture x86_64
clang: error: linker command failed with exit code 1 (use -v to see invocation)
configure:12449: $? = 1
configure: failed program was:
| /* confdefs.h.  */
| #define PACKAGE_NAME "libltdl"
| #define PACKAGE_TARNAME "libltdl"
| #define PACKAGE_VERSION "2.2.4"
| #define PACKAGE_STRING "libltdl 2.2.4"
| #define PACKAGE_BUGREPORT "bug-libtool@gnu.org"
| #define PACKAGE "libltdl"
| #define VERSION "2.2.4"
| #define STDC_HEADERS 1
| #define HAVE_SYS_TYPES_H 1
| #define HAVE_SYS_STAT_H 1
| #define HAVE_STDLIB_H 1
| #define HAVE_STRING_H 1
| #define HAVE_MEMORY_H 1
| #define HAVE_STRINGS_H 1
| #define HAVE_INTTYPES_H 1
| #define HAVE_STDINT_H 1
| #define HAVE_UNISTD_H 1
| #define HAVE_DLFCN_H 1
| #define LT_OBJDIR ".libs/"
| #define LT_MODULE_EXT ".so"
| #define LT_MODULE_PATH_VAR "DYLD_LIBRARY_PATH"
| #define LT_DLSEARCH_PATH "/usr/local/lib:/lib:/usr/lib"
| #define HAVE_LIBDL 1
| #define HAVE_DLERROR 1
| #define HAVE_LIBDLLOADER 1
| #define error_t int
| #define __error_t_defined 1
| /* end confdefs.h.  */
| /* Define argz_append to an innocuous variant, in case <limits.h> declares argz_append.
|    For example, HP-UX 11i <limits.h> declares gettimeofday.  */
| #define argz_append innocuous_argz_append
| 
| /* System header to define __stub macros and hopefully few prototypes,
|     which can conflict with char argz_append (); below.
|     Prefer <limits.h> to <assert.h> if __STDC__ is defined, since
|     <limits.h> exists even on freestanding compilers.  */
| 
| #ifdef __STDC__
| # include <limits.h>
| #else
| # include <assert.h>
| #endif
| 
| #undef argz_append
| 
| /* Override any GCC internal prototype to avoid an error.
|    Use char because int might match the return type of a GCC
|    builtin and then its argument prototype would still apply.  */
| #ifdef __cplusplus
| extern "C"
| #endif
| char argz_append ();
| /* The GNU C library defines this for functions which it implements
|     to always fail with ENOSYS.  Some functions are actually named
|     something starting with __ and the normal name is an alias.  */
| #if defined __stub_argz_append || defined __stub___argz_append
| choke me
| #endif
| 
| int
| main ()
| {
| return argz_append ();
|   ;
|   return 0;
| }
configure:12467: result: no
configure:12387: checking for argz_count
configure:12443: gcc -o conftest -g -O2   conftest.c  >&5
Undefined symbols for architecture x86_64:
  "_argz_count", referenced from:
      _main in conftest-3852d4.o
ld: symbol(s) not found for architecture x86_64
clang: error: linker command failed with exit code 1 (use -v to see invocation)
configure:12449: $? = 1
configure: failed program was:
| /* confdefs.h.  */
| #define PACKAGE_NAME "libltdl"
| #define PACKAGE_TARNAME "libltdl"
| #define PACKAGE_VERSION "2.2.4"
| #define PACKAGE_STRING "libltdl 2.2.4"
| #define PACKAGE_BUGREPORT "bug-libtool@gnu.org"
| #define PACKAGE "libltdl"
| #define VERSION "2.2.4"
| #define STDC_HEADERS 1
| #define HAVE_SYS_TYPES_H 1
| #define HAVE_SYS_STAT_H 1
| #define HAVE_STDLIB_H 1
| #define HAVE_STRING_H 1
| #define HAVE_MEMORY_H 1
| #define HAVE_STRINGS_H 1
| #define HAVE_INTTYPES_H 1
| #define HAVE_STDINT_H 1
| #define HAVE_UNISTD_H 1
| #define HAVE_DLFCN_H 1
| #define LT_OBJDIR ".libs/"
| #define LT_MODULE_EXT ".so"
| #define LT_MODULE_PATH_VAR "DYLD_LIBRARY_PATH"
| #define LT_DLSEARCH_PATH "/usr/local/lib:/lib:/usr/lib"
| #define HAVE_LIBDL 1
| #define HAVE_DLERROR 1
| #define HAVE_LIBDLLOADER 1
| #define error_t int
| #define __error_t_defined 1
| /* end confdefs.h.  */
| /* Define argz_count to an innocuous variant, in case <limits.h> declares argz_count.
|    For example, HP-UX 11i <limits.h> declares gettimeofday.  */
| #define argz_count innocuous_argz_count
| 
| /* System header to define __stub macros and hopefully few prototypes,
|     which can conflict with char argz_count (); below.
|     Prefer <limits.h> to <assert.h> if __STDC__ is defined, since
|     <limits.h> exists even on freestanding compilers.  */
| 
| #ifdef __STDC__
| # include <limits.h>
| #else
| # include <assert.h>
| #endif
| 
| #undef argz_count
| 
| /* Override any GCC internal prototype to avoid an error.
|    Use char because int might match the return type of a GCC
|    builtin and then its argument prototype would still apply.  */
| #ifdef __cplusplus
| extern "C"
| #endif
| char argz_count ();
| /* The GNU C library defines this for functions which it implements
|     to always fail with ENOSYS.  Some functions are actually named
|     something starting with __ and the normal name is an alias.  */
| #if defined __stub_argz_count || defined __stub___argz_count
| choke me
| #endif
| 
| int
| main ()
| {
| return argz_count ();
|   ;
|   return 0;
| }
configure:12467: result: no
configure:12387: checking for argz_create_sep
configure:12443: gcc -o conftest -g -O2   conftest.c  >&5
Undefined symbols for architecture x86_64:
  "_argz_create_sep", referenced from:
      _main in conftest-b2a521.o
ld: symbol(s) not found for architecture x86_64
clang: error: linker command failed with exit code 1 (use -v to see invocation)
configure:12449: $? = 1
configure: failed program was:
| /* confdefs.h.  */
| #define PACKAGE_NAME "libltdl"
| #define PACKAGE_TARNAME "libltdl"
| #define PACKAGE_VERSION "2.2.4"
| #define PACKAGE_STRING "libltdl 2.2.4"
| #define PACKAGE_BUGREPORT "bug-libtool@gnu.org"
| #define PACKAGE "libltdl"
| #define VERSION "2.2.4"
| #define STDC_HEADERS 1
| #define HAVE_SYS_TYPES_H 1
| #define HAVE_SYS_STAT_H 1
| #define HAVE_STDLIB_H 1
| #define HAVE_STRING_H 1
| #define HAVE_MEMORY_H 1
| #define HAVE_STRINGS_H 1
| #define HAVE_INTTYPES_H 1
| #define HAVE_STDINT_H 1
| #define HAVE_UNISTD_H 1
| #define HAVE_DLFCN_H 1
| #define LT_OBJDIR ".libs/"
| #define LT_MODULE_EXT ".so"
| #define LT_MODULE_PATH_VAR "DYLD_LIBRARY_PATH"
| #define LT_DLSEARCH_PATH "/usr/local/lib:/lib:/usr/lib"
| #define HAVE_LIBDL 1
| #define HAVE_DLERROR 1
| #define HAVE_LIBDLLOADER 1
| #define error_t int
| #define __error_t_defined 1
| /* end confdefs.h.  */
| /* Define argz_create_sep to an innocuous variant, in case <limits.h> declares argz_create_sep.
|    For example, HP-UX 11i <limits.h> declares gettimeofday.  */
| #define argz_create_sep innocuous_argz_create_sep
| 
| /* System header to define __stub macros and hopefully few prototypes,
|     which can conflict with char argz_create_sep (); below.
|     Prefer <limits.h> to <assert.h> if __STDC__ is defined, since
|     <limits.h> exists even on freestanding compilers.  */
| 
| #ifdef __STDC__
| # include <limits.h>
| #else
| # include <assert.h>
| #endif
| 
| #undef argz_create_sep
| 
| /* Override any GCC internal prototype to avoid an error.
|    Use char because int might match the return type of a GCC
|    builtin and then its argument prototype would still apply.  */
| #ifdef __cplusplus
| extern "C"
| #endif
| char argz_create_sep ();
| /* The GNU C library defines this for functions which it implements
|     to always fail with ENOSYS.  Some functions are actually named
|     something starting with __ and the normal name is an alias.  */
| #if defined __stub_argz_create_sep || defined __stub___argz_create_sep
| choke me
| #endif
| 
| int
| main ()
| {
| return argz_create_sep ();
|   ;
|   return 0;
| }
configure:12467: result: no
configure:12387: checking for argz_insert
configure:12443: gcc -o conftest -g -O2   conftest.c  >&5
Undefined symbols for architecture x86_64:
  "_argz_insert", referenced from:
      _main in conftest-8001e9.o
ld: symbol(s) not found for architecture x86_64
clang: error: linker command failed with exit code 1 (use -v to see invocation)
configure:12449: $? = 1
configure: failed program was:
| /* confdefs.h.  */
| #define PACKAGE_NAME "libltdl"
| #define PACKAGE_TARNAME "libltdl"
| #define PACKAGE_VERSION "2.2.4"
| #define PACKAGE_STRING "libltdl 2.2.4"
| #define PACKAGE_BUGREPORT "bug-libtool@gnu.org"
| #define PACKAGE "libltdl"
| #define VERSION "2.2.4"
| #define STDC_HEADERS 1
| #define HAVE_SYS_TYPES_H 1
| #define HAVE_SYS_STAT_H 1
| #define HAVE_STDLIB_H 1
| #define HAVE_STRING_H 1
| #define HAVE_MEMORY_H 1
| #define HAVE_STRINGS_H 1
| #define HAVE_INTTYPES_H 1
| #define HAVE_STDINT_H 1
| #define HAVE_UNISTD_H 1
| #define HAVE_DLFCN_H 1
| #define LT_OBJDIR ".libs/"
| #define LT_MODULE_EXT ".so"
| #define LT_MODULE_PATH_VAR "DYLD_LIBRARY_PATH"
| #define LT_DLSEARCH_PATH "/usr/local/lib:/lib:/usr/lib"
| #define HAVE_LIBDL 1
| #define HAVE_DLERROR 1
| #define HAVE_LIBDLLOADER 1
| #define error_t int
| #define __error_t_defined 1
| /* end confdefs.h.  */
| /* Define argz_insert to an innocuous variant, in case <limits.h> declares argz_insert.
|    For example, HP-UX 11i <limits.h> declares gettimeofday.  */
| #define argz_insert innocuous_argz_insert
| 
| /* System header to define __stub macros and hopefully few prototypes,
|     which can conflict with char argz_insert (); below.
|     Prefer <limits.h> to <assert.h> if __STDC__ is defined, since
|     <limits.h> exists even on freestanding compilers.  */
| 
| #ifdef __STDC__
| # include <limits.h>
| #else
| # include <assert.h>
| #endif
| 
| #undef argz_insert
| 
| /* Override any GCC internal prototype to avoid an error.
|    Use char because int might match the return type of a GCC
|    builtin and then its argument prototype would still apply.  */
| #ifdef __cplusplus
| extern "C"
| #endif
| char argz_insert ();
| /* The GNU C library defines this for functions which it implements
|     to always fail with ENOSYS.  Some functions are actually named
|     something starting with __ and the normal name is an alias.  */
| #if defined __stub_argz_insert || defined __stub___argz_insert
| choke me
| #endif
| 
| int
| main ()
| {
| return argz_insert ();
|   ;
|   return 0;
| }
configure:12467: result: no
configure:12387: checking for argz_next
configure:12443: gcc -o conftest -g -O2   conftest.c  >&5
Undefined symbols for architecture x86_64:
  "_argz_next", referenced from:
      _main in conftest-e7b017.o
ld: symbol(s) not found for architecture x86_64
clang: error: linker command failed with exit code 1 (use -v to see invocation)
configure:12449: $? = 1
configure: failed program was:
| /* confdefs.h.  */
| #define PACKAGE_NAME "libltdl"
| #define PACKAGE_TARNAME "libltdl"
| #define PACKAGE_VERSION "2.2.4"
| #define PACKAGE_STRING "libltdl 2.2.4"
| #define PACKAGE_BUGREPORT "bug-libtool@gnu.org"
| #define PACKAGE "libltdl"
| #define VERSION "2.2.4"
| #define STDC_HEADERS 1
| #define HAVE_SYS_TYPES_H 1
| #define HAVE_SYS_STAT_H 1
| #define HAVE_STDLIB_H 1
| #define HAVE_STRING_H 1
| #define HAVE_MEMORY_H 1
| #define HAVE_STRINGS_H 1
| #define HAVE_INTTYPES_H 1
| #define HAVE_STDINT_H 1
| #define HAVE_UNISTD_H 1
| #define HAVE_DLFCN_H 1
| #define LT_OBJDIR ".libs/"
| #define LT_MODULE_EXT ".so"
| #define LT_MODULE_PATH_VAR "DYLD_LIBRARY_PATH"
| #define LT_DLSEARCH_PATH "/usr/local/lib:/lib:/usr/lib"
| #define HAVE_LIBDL 1
| #define HAVE_DLERROR 1
| #define HAVE_LIBDLLOADER 1
| #define error_t int
| #define __error_t_defined 1
| /* end confdefs.h.  */
| /* Define argz_next to an innocuous variant, in case <limits.h> declares argz_next.
|    For example, HP-UX 11i <limits.h> declares gettimeofday.  */
| #define argz_next innocuous_argz_next
| 
| /* System header to define __stub macros and hopefully few prototypes,
|     which can conflict with char argz_next (); below.
|     Prefer <limits.h> to <assert.h> if __STDC__ is defined, since
|     <limits.h> exists even on freestanding compilers.  */
| 
| #ifdef __STDC__
| # include <limits.h>
| #else
| # include <assert.h>
| #endif
| 
| #undef argz_next
| 
| /* Override any GCC internal prototype to avoid an error.
|    Use char because int might match the return type of a GCC
|    builtin and then its argument prototype would still apply.  */
| #ifdef __cplusplus
| extern "C"
| #endif
| char argz_next ();
| /* The GNU C library defines this for functions which it implements
|     to always fail with ENOSYS.  Some functions are actually named
|     something starting with __ and the normal name is an alias.  */
| #if defined __stub_argz_next || defined __stub___argz_next
| choke me
| #endif
| 
| int
| main ()
| {
| return argz_next ();
|   ;
|   return 0;
| }
configure:12467: result: no
configure:12387: checking for argz_stringify
configure:12443: gcc -o conftest -g -O2   conftest.c  >&5
Undefined symbols for architecture x86_64:
  "_argz_stringify", referenced from:
      _main in conftest-31c3d3.o
ld: symbol(s) not found for architecture x86_64
clang: error: linker command failed with exit code 1 (use -v to see invocation)
configure:12449: $? = 1
configure: failed program was:
| /* confdefs.h.  */
| #define PACKAGE_NAME "libltdl"
| #define PACKAGE_TARNAME "libltdl"
| #define PACKAGE_VERSION "2.2.4"
| #define PACKAGE_STRING "libltdl 2.2.4"
| #define PACKAGE_BUGREPORT "bug-libtool@gnu.org"
| #define PACKAGE "libltdl"
| #define VERSION "2.2.4"
| #define STDC_HEADERS 1
| #define HAVE_SYS_TYPES_H 1
| #define HAVE_SYS_STAT_H 1
| #define HAVE_STDLIB_H 1
| #define HAVE_STRING_H 1
| #define HAVE_MEMORY_H 1
| #define HAVE_STRINGS_H 1
| #define HAVE_INTTYPES_H 1
| #define HAVE_STDINT_H 1
| #define HAVE_UNISTD_H 1
| #define HAVE_DLFCN_H 1
| #define LT_OBJDIR ".libs/"
| #define LT_MODULE_EXT ".so"
| #define LT_MODULE_PATH_VAR "DYLD_LIBRARY_PATH"
| #define LT_DLSEARCH_PATH "/usr/local/lib:/lib:/usr/lib"
| #define HAVE_LIBDL 1
| #define HAVE_DLERROR 1
| #define HAVE_LIBDLLOADER 1
| #define error_t int
| #define __error_t_defined 1
| /* end confdefs.h.  */
| /* Define argz_stringify to an innocuous variant, in case <limits.h> declares argz_stringify.
|    For example, HP-UX 11i <limits.h> declares gettimeofday.  */
| #define argz_stringify innocuous_argz_stringify
| 
| /* System header to define __stub macros and hopefully few prototypes,
|     which can conflict with char argz_stringify (); below.
|     Prefer <limits.h> to <assert.h> if __STDC__ is defined, since
|     <limits.h> exists even on freestanding compilers.  */
| 
| #ifdef __STDC__
| # include <limits.h>
| #else
| # include <assert.h>
| #endif
| 
| #undef argz_stringify
| 
| /* Override any GCC internal prototype to avoid an error.
|    Use char because int might match the return type of a GCC
|    builtin and then its argument prototype would still apply.  */
| #ifdef __cplusplus
| extern "C"
| #endif
| char argz_stringify ();
| /* The GNU C library defines this for functions which it implements
|     to always fail with ENOSYS.  Some functions are actually named
|     something starting with __ and the normal name is an alias.  */
| #if defined __stub_argz_stringify || defined __stub___argz_stringify
| choke me
| #endif
| 
| int
| main ()
| {
| return argz_stringify ();
|   ;
|   return 0;
| }
configure:12467: result: no
configure:12540: checking whether libtool supports -dlopen/-dlpreopen
configure:12552: result: yes
configure:12622: checking for unistd.h
configure:12665: result: yes
configure:12622: checking for dl.h
configure:12643: gcc -c -g -O2  conftest.c >&5
conftest.c:67:10: fatal error: 'dl.h' file not found
#include <dl.h>
         ^
1 error generated.
configure:12649: $? = 1
configure: failed program was:
| /* confdefs.h.  */
| #define PACKAGE_NAME "libltdl"
| #define PACKAGE_TARNAME "libltdl"
| #define PACKAGE_VERSION "2.2.4"
| #define PACKAGE_STRING "libltdl 2.2.4"
| #define PACKAGE_BUGREPORT "bug-libtool@gnu.org"
| #define PACKAGE "libltdl"
| #define VERSION "2.2.4"
| #define STDC_HEADERS 1
| #define HAVE_SYS_TYPES_H 1
| #define HAVE_SYS_STAT_H 1
| #define HAVE_STDLIB_H 1
| #define HAVE_STRING_H 1
| #define HAVE_MEMORY_H 1
| #define HAVE_STRINGS_H 1
| #define HAVE_INTTYPES_H 1
| #define HAVE_STDINT_H 1
| #define HAVE_UNISTD_H 1
| #define HAVE_DLFCN_H 1
| #define LT_OBJDIR ".libs/"
| #define LT_MODULE_EXT ".so"
| #define LT_MODULE_PATH_VAR "DYLD_LIBRARY_PATH"
| #define LT_DLSEARCH_PATH "/usr/local/lib:/lib:/usr/lib"
| #define HAVE_LIBDL 1
| #define HAVE_DLERROR 1
| #define HAVE_LIBDLLOADER 1
| #define error_t int
| #define __error_t_defined 1
| #define HAVE_PRELOADED_SYMBOLS 1
| #define LTDL_DLOPEN_SELF_WORKS 1
| #define HAVE_UNISTD_H 1
| /* end confdefs.h.  */
| #include <stdio.h>
| #ifdef HAVE_SYS_TYPES_H
| # include <sys/types.h>
| #endif
| #ifdef HAVE_SYS_STAT_H
| # include <sys/stat.h>
| #endif
| #ifdef STDC_HEADERS
| # include <stdlib.h>
| # include <stddef.h>
| #else
| # ifdef HAVE_STDLIB_H
| #  include <stdlib.h>
| # endif
| #endif
| #ifdef HAVE_STRING_H
| # if !defined STDC_HEADERS && defined HAVE_MEMORY_H
| #  include <memory.h>
| # endif
| # include <string.h>
| #endif
| #ifdef HAVE_STRINGS_H
| # include <strings.h>
| #endif
| #ifdef HAVE_INTTYPES_H
| # include <inttypes.h>
| #endif
| #ifdef HAVE_STDINT_H
| # include <stdint.h>
| #endif
| #ifdef HAVE_UNISTD_H
| # include <unistd.h>
| #endif
| 
| #include <dl.h>
configure:12665: result: no
configure:12622: checking for sys/dl.h
configure:12643: gcc -c -g -O2  conftest.c >&5
conftest.c:67:10: fatal error: 'sys/dl.h' file not found
#include <sys/dl.h>
         ^
1 error generated.
configure:12649: $? = 1
configure: failed program was:
| /* confdefs.h.  */
| #define PACKAGE_NAME "libltdl"
| #define PACKAGE_TARNAME "libltdl"
| #define PACKAGE_VERSION "2.2.4"
| #define PACKAGE_STRING "libltdl 2.2.4"
| #define PACKAGE_BUGREPORT "bug-libtool@gnu.org"
| #define PACKAGE "libltdl"
| #define VERSION "2.2.4"
| #define STDC_HEADERS 1
| #define HAVE_SYS_TYPES_H 1
| #define HAVE_SYS_STAT_H 1
| #define HAVE_STDLIB_H 1
| #define HAVE_STRING_H 1
| #define HAVE_MEMORY_H 1
| #define HAVE_STRINGS_H 1
| #define HAVE_INTTYPES_H 1
| #define HAVE_STDINT_H 1
| #define HAVE_UNISTD_H 1
| #define HAVE_DLFCN_H 1
| #define LT_OBJDIR ".libs/"
| #define LT_MODULE_EXT ".so"
| #define LT_MODULE_PATH_VAR "DYLD_LIBRARY_PATH"
| #define LT_DLSEARCH_PATH "/usr/local/lib:/lib:/usr/lib"
| #define HAVE_LIBDL 1
| #define HAVE_DLERROR 1
| #define HAVE_LIBDLLOADER 1
| #define error_t int
| #define __error_t_defined 1
| #define HAVE_PRELOADED_SYMBOLS 1
| #define LTDL_DLOPEN_SELF_WORKS 1
| #define HAVE_UNISTD_H 1
| /* end confdefs.h.  */
| #include <stdio.h>
| #ifdef HAVE_SYS_TYPES_H
| # include <sys/types.h>
| #endif
| #ifdef HAVE_SYS_STAT_H
| # include <sys/stat.h>
| #endif
| #ifdef STDC_HEADERS
| # include <stdlib.h>
| # include <stddef.h>
| #else
| # ifdef HAVE_STDLIB_H
| #  include <stdlib.h>
| # endif
| #endif
| #ifdef HAVE_STRING_H
| # if !defined STDC_HEADERS && defined HAVE_MEMORY_H
| #  include <memory.h>
| # endif
| # include <string.h>
| #endif
| #ifdef HAVE_STRINGS_H
| # include <strings.h>
| #endif
| #ifdef HAVE_INTTYPES_H
| # include <inttypes.h>
| #endif
| #ifdef HAVE_STDINT_H
| # include <stdint.h>
| #endif
| #ifdef HAVE_UNISTD_H
| # include <unistd.h>
| #endif
| 
| #include <sys/dl.h>
configure:12665: result: no
configure:12622: checking for dld.h
configure:12643: gcc -c -g -O2  conftest.c >&5
conftest.c:67:10: fatal error: 'dld.h' file not found
#include <dld.h>
         ^
1 error generated.
configure:12649: $? = 1
configure: failed program was:
| /* confdefs.h.  */
| #define PACKAGE_NAME "libltdl"
| #define PACKAGE_TARNAME "libltdl"
| #define PACKAGE_VERSION "2.2.4"
| #define PACKAGE_STRING "libltdl 2.2.4"
| #define PACKAGE_BUGREPORT "bug-libtool@gnu.org"
| #define PACKAGE "libltdl"
| #define VERSION "2.2.4"
| #define STDC_HEADERS 1
| #define HAVE_SYS_TYPES_H 1
| #define HAVE_SYS_STAT_H 1
| #define HAVE_STDLIB_H 1
| #define HAVE_STRING_H 1
| #define HAVE_MEMORY_H 1
| #define HAVE_STRINGS_H 1
| #define HAVE_INTTYPES_H 1
| #define HAVE_STDINT_H 1
| #define HAVE_UNISTD_H 1
| #define HAVE_DLFCN_H 1
| #define LT_OBJDIR ".libs/"
| #define LT_MODULE_EXT ".so"
| #define LT_MODULE_PATH_VAR "DYLD_LIBRARY_PATH"
| #define LT_DLSEARCH_PATH "/usr/local/lib:/lib:/usr/lib"
| #define HAVE_LIBDL 1
| #define HAVE_DLERROR 1
| #define HAVE_LIBDLLOADER 1
| #define error_t int
| #define __error_t_defined 1
| #define HAVE_PRELOADED_SYMBOLS 1
| #define LTDL_DLOPEN_SELF_WORKS 1
| #define HAVE_UNISTD_H 1
| /* end confdefs.h.  */
| #include <stdio.h>
| #ifdef HAVE_SYS_TYPES_H
| # include <sys/types.h>
| #endif
| #ifdef HAVE_SYS_STAT_H
| # include <sys/stat.h>
| #endif
| #ifdef STDC_HEADERS
| # include <stdlib.h>
| # include <stddef.h>
| #else
| # ifdef HAVE_STDLIB_H
| #  include <stdlib.h>
| # endif
| #endif
| #ifdef HAVE_STRING_H
| # if !defined STDC_HEADERS && defined HAVE_MEMORY_H
| #  include <memory.h>
| # endif
| # include <string.h>
| #endif
| #ifdef HAVE_STRINGS_H
| # include <strings.h>
| #endif
| #ifdef HAVE_INTTYPES_H
| # include <inttypes.h>
| #endif
| #ifdef HAVE_STDINT_H
| # include <stdint.h>
| #endif
| #ifdef HAVE_UNISTD_H
| # include <unistd.h>
| #endif
| 
| #include <dld.h>
configure:12665: result: no
configure:12622: checking for mach-o/dyld.h
configure:12643: gcc -c -g -O2  conftest.c >&5
configure:12649: $? = 0
configure:12665: result: yes
configure:12622: checking for dirent.h
configure:12643: gcc -c -g -O2  conftest.c >&5
configure:12649: $? = 0
configure:12665: result: yes
configure:12683: checking for closedir
configure:12739: gcc -o conftest -g -O2   conftest.c  >&5
configure:12745: $? = 0
configure:12763: result: yes
configure:12683: checking for opendir
configure:12739: gcc -o conftest -g -O2   conftest.c  >&5
configure:12745: $? = 0
configure:12763: result: yes
configure:12683: checking for readdir
configure:12739: gcc -o conftest -g -O2   conftest.c  >&5
configure:12745: $? = 0
configure:12763: result: yes
configure:12785: checking for strlcat
configure:12841: gcc -o conftest -g -O2   conftest.c  >&5
conftest.c:61:6: warning: incompatible redeclaration of library function 'strlcat' [-Wincompatible-library-redeclaration]
char strlcat ();
     ^
conftest.c:61:6: note: 'strlcat' is a builtin with type 'unsigned long (char *, const char *, unsigned long)'
1 warning generated.
configure:12847: $? = 0
configure:12865: result: yes
configure:12785: checking for strlcpy
configure:12841: gcc -o conftest -g -O2   conftest.c  >&5
conftest.c:62:6: warning: incompatible redeclaration of library function 'strlcpy' [-Wincompatible-library-redeclaration]
char strlcpy ();
     ^
conftest.c:62:6: note: 'strlcpy' is a builtin with type 'unsigned long (char *, const char *, unsigned long)'
1 warning generated.
configure:12847: $? = 0
configure:12865: result: yes
configure:13023: creating ./config.status

## ---------------------- ##
## Running config.status. ##
## ---------------------- ##

This file was extended by libltdl config.status 2.2.4, which was
generated by GNU Autoconf 2.61.  Invocation command line was

  CONFIG_FILES    = 
  CONFIG_HEADERS  = 
  CONFIG_LINKS    = 
  CONFIG_COMMANDS = 
  $ ./config.status 

on simplemac.local

config.status:863: creating Makefile
config.status:863: creating config.h
config.status:1156: executing depfiles commands
config.status:1156: executing libtool commands

## ---------------- ##
## Cache variables. ##
## ---------------- ##

ac_cv_build=i386-apple-darwin15.4.0
ac_cv_c_compiler_gnu=yes
ac_cv_env_CC_set=set
ac_cv_env_CC_value=gcc
ac_cv_env_CFLAGS_set=
ac_cv_env_CFLAGS_value=
ac_cv_env_CPPFLAGS_set=
ac_cv_env_CPPFLAGS_value=
ac_cv_env_CPP_set=
ac_cv_env_CPP_value=
ac_cv_env_LDFLAGS_set=
ac_cv_env_LDFLAGS_value=
ac_cv_env_LIBS_set=
ac_cv_env_LIBS_value=
ac_cv_env_build_alias_set=
ac_cv_env_build_alias_value=
ac_cv_env_host_alias_set=
ac_cv_env_host_alias_value=
ac_cv_env_target_alias_set=
ac_cv_env_target_alias_value=
ac_cv_func_argz_add=no
ac_cv_func_argz_append=no
ac_cv_func_argz_count=no
ac_cv_func_argz_create_sep=no
ac_cv_func_argz_insert=no
ac_cv_func_argz_next=no
ac_cv_func_argz_stringify=no
ac_cv_func_closedir=yes
ac_cv_func_dlerror=yes
ac_cv_func_opendir=yes
ac_cv_func_readdir=yes
ac_cv_func_shl_load=no
ac_cv_func_strlcat=yes
ac_cv_func_strlcpy=yes
ac_cv_header_argz_h=no
ac_cv_header_dirent_h=yes
ac_cv_header_dl_h=no
ac_cv_header_dld_h=no
ac_cv_header_dlfcn_h=yes
ac_cv_header_inttypes_h=yes
ac_cv_header_mach_o_dyld_h=yes
ac_cv_header_memory_h=yes
ac_cv_header_stdc=yes
ac_cv_header_stdint_h=yes
ac_cv_header_stdlib_h=yes
ac_cv_header_string_h=yes
ac_cv_header_strings_h=yes
ac_cv_header_sys_dl_h=no
ac_cv_header_sys_stat_h=yes
ac_cv_header_sys_types_h=yes
ac_cv_header_unistd_h=yes
ac_cv_host=i386-apple-darwin15.4.0
ac_cv_lib_dl_dlopen=yes
ac_cv_lib_dld_dld_link=no
ac_cv_lib_dld_shl_load=no
ac_cv_objext=o
ac_cv_path_EGREP='/usr/bin/grep -E'
ac_cv_path_FGREP='/usr/bin/grep -F'
ac_cv_path_GREP=/usr/bin/grep
ac_cv_path_SED=/usr/bin/sed
ac_cv_path_install='/usr/bin/install -c'
ac_cv_path_mkdir=/Users/xingyue/outcode/git/homebrew/bin/gmkdir
ac_cv_prog_AWK=awk
ac_cv_prog_CPP='gcc -E'
ac_cv_prog_ac_ct_AR=ar
ac_cv_prog_ac_ct_CC=gcc
ac_cv_prog_ac_ct_DSYMUTIL=dsymutil
ac_cv_prog_ac_ct_LIPO=lipo
ac_cv_prog_ac_ct_NMEDIT=nmedit
ac_cv_prog_ac_ct_OTOOL=otool
ac_cv_prog_ac_ct_RANLIB=ranlib
ac_cv_prog_ac_ct_STRIP=strip
ac_cv_prog_cc_c89=
ac_cv_prog_cc_g=yes
ac_cv_prog_make_make_set=yes
ac_cv_search_dlopen='none required'
ac_cv_type_error_t=no
am_cv_CC_dependencies_compiler_type=gcc3
libltdl_cv_lib_dl_dlopen=yes
libltdl_cv_need_uscore=no
libltdl_cv_preloaded_symbols=yes
libltdl_cv_shlibext=.so
lt_cv_apple_cc_single_mod=yes
lt_cv_deplibs_check_method=pass_all
lt_cv_dlopen=dlopen
lt_cv_dlopen_libs=-ldl
lt_cv_dlopen_self=yes
lt_cv_dlopen_self_static=yes
lt_cv_file_magic_cmd='$MAGIC_CMD'
lt_cv_file_magic_test_file=
lt_cv_ld_exported_symbols_list=yes
lt_cv_ld_reload_flag=-r
lt_cv_module_path_var=DYLD_LIBRARY_PATH
lt_cv_nm_interface='BSD nm'
lt_cv_objdir=.libs
lt_cv_path_LD=/Applications/Xcode.app/Contents/Developer/Toolchains/XcodeDefault.xctoolchain/usr/bin/ld
lt_cv_path_NM=/usr/bin/nm
lt_cv_prog_compiler_c_o=yes
lt_cv_prog_compiler_pic_works=yes
lt_cv_prog_compiler_rtti_exceptions=yes
lt_cv_prog_compiler_static_works=no
lt_cv_prog_gnu_ld=no
lt_cv_sys_dlopen_deplibs=yes
lt_cv_sys_dlsearch_path='/usr/local/lib /lib /usr/lib'
lt_cv_sys_global_symbol_pipe='sed -n -e '\''s/^.*[	 ]\([BCDEGRST][BCDEGRST]*\)[	 ][	 ]*_\([_A-Za-z][_A-Za-z0-9]*\)$/\1 _\2 \2/p'\'''
lt_cv_sys_global_symbol_to_c_name_address='sed -n -e '\''s/^: \([^ ]*\) $/  {\"\1\", (void *) 0},/p'\'' -e '\''s/^[BCDEGRST]* \([^ ]*\) \([^ ]*\)$/  {"\2", (void *) \&\2},/p'\'''
lt_cv_sys_global_symbol_to_c_name_address_lib_prefix='sed -n -e '\''s/^: \([^ ]*\) $/  {\"\1\", (void *) 0},/p'\'' -e '\''s/^[BCDEGRST]* \([^ ]*\) \(lib[^ ]*\)$/  {"\2", (void *) \&\2},/p'\'' -e '\''s/^[BCDEGRST]* \([^ ]*\) \([^ ]*\)$/  {"lib\2", (void *) \&\2},/p'\'''
lt_cv_sys_global_symbol_to_cdecl='sed -n -e '\''s/^T .* \(.*\)$/extern int \1();/p'\'' -e '\''s/^[BCDEGRST]* .* \(.*\)$/extern char \1;/p'\'''
lt_cv_sys_max_cmd_len=196608
lt_cv_sys_symbol_underscore=yes

## ----------------- ##
## Output variables. ##
## ----------------- ##

ACLOCAL='${SHELL} /Users/xingyue/outcode/git/drip.js/see-3.1.1424/libltdl/config/missing --run aclocal-1.10'
AMDEPBACKSLASH='\'
AMDEP_FALSE='#'
AMDEP_TRUE=''
AMTAR='${SHELL} /Users/xingyue/outcode/git/drip.js/see-3.1.1424/libltdl/config/missing --run tar'
AR='ar'
ARGZ_H='argz.h'
AS='as'
AUTOCONF='${SHELL} /Users/xingyue/outcode/git/drip.js/see-3.1.1424/libltdl/config/missing --run autoconf'
AUTOHEADER='${SHELL} /Users/xingyue/outcode/git/drip.js/see-3.1.1424/libltdl/config/missing --run autoheader'
AUTOMAKE='${SHELL} /Users/xingyue/outcode/git/drip.js/see-3.1.1424/libltdl/config/missing --run automake-1.10'
AWK='awk'
CC='gcc'
CCDEPMODE='depmode=gcc3'
CFLAGS='-g -O2'
CONVENIENCE_LTDL_FALSE='#'
CONVENIENCE_LTDL_TRUE=''
CPP='gcc -E'
CPPFLAGS=''
CYGPATH_W='echo'
DEFS='-DHAVE_CONFIG_H'
DEPDIR='.deps'
DLLTOOL='dlltool'
DSYMUTIL='dsymutil'
DUMPBIN=''
ECHO_C='ECHO_N=''
ECHO_T=''
EGREP='/usr/bin/grep -E'
EXEEXT=''
FGREP='/usr/bin/grep -F'
GREP='/usr/bin/grep'
INSTALL_DATA='${INSTALL} -m 644'
INSTALL_LTDL_FALSE=''
INSTALL_LTDL_TRUE='#'
INSTALL_PROGRAM='${INSTALL}'
INSTALL_SCRIPT='${INSTALL}'
INSTALL_STRIP_PROGRAM='$(install_sh) -c -s'
LD='/Applications/Xcode.app/Contents/Developer/Toolchains/XcodeDefault.xctoolchain/usr/bin/ld'
LDFLAGS=''
LIBADD_DL=' '
LIBADD_DLD_LINK=''
LIBADD_DLOPEN=''
LIBADD_SHL_LOAD=''
LIBOBJS=' ${LIBOBJDIR}argz$U.o'
LIBS=''
LIBTOOL='$(SHELL) $(top_builddir)/libtool'
LIPO='lipo'
LN_S='ln -s'
LTDLOPEN='libltdl'
LTLIBOBJS=' ${LIBOBJDIR}argz$U.lo'
LT_CONFIG_H='config.h'
LT_DLLOADERS=' dlopen.la'
LT_DLPREOPEN='-dlpreopen dlopen.la '
MAKEINFO='${SHELL} /Users/xingyue/outcode/git/drip.js/see-3.1.1424/libltdl/config/missing --run makeinfo'
NM='/usr/bin/nm'
NMEDIT='nmedit'
OBJDUMP='objdump'
OBJEXT='o'
OTOOL64=':'
OTOOL='otool'
PACKAGE='libltdl'
PACKAGE_BUGREPORT='bug-libtool@gnu.org'
PACKAGE_NAME='libltdl'
PACKAGE_STRING='libltdl 2.2.4'
PACKAGE_TARNAME='libltdl'
PACKAGE_VERSION='2.2.4'
PATH_SEPARATOR=':'
RANLIB='ranlib'
SED='/usr/bin/sed'
SET_MAKE=''
SHELL='/bin/sh'
STRIP='strip'
VERSION='2.2.4'
ac_ct_CC='gcc'
ac_ct_DUMPBIN=''
am__fastdepCC_FALSE='#'
am__fastdepCC_TRUE=''
am__include='include'
am__isrc=''
am__leading_dot='.'
am__quote=''
am__tar='${AMTAR} chof - "$$tardir"'
am__untar='${AMTAR} xf -'
bindir='${exec_prefix}/bin'
build='i386-apple-darwin15.4.0'
build_alias=''
build_cpu='i386'
build_os='darwin15.4.0'
build_vendor='apple'
datadir='${datarootdir}'
datarootdir='${prefix}/share'
docdir='${datarootdir}/doc/${PACKAGE_TARNAME}'
dvidir='${docdir}'
exec_prefix='${prefix}'
host='i386-apple-darwin15.4.0'
host_alias=''
host_cpu='i386'
host_os='darwin15.4.0'
host_vendor='apple'
htmldir='${docdir}'
includedir='${prefix}/include'
infodir='${datarootdir}/info'
install_sh='$(SHELL) /Users/xingyue/outcode/git/drip.js/see-3.1.1424/libltdl/config/install-sh'
libdir='${exec_prefix}/lib'
libexecdir='${exec_prefix}/libexec'
localedir='${datarootdir}/locale'
localstatedir='${prefix}/var'
lt_ECHO='/bin/echo'
mandir='${datarootdir}/man'
mkdir_p='/Users/xingyue/outcode/git/homebrew/bin/gmkdir -p'
oldincludedir='/usr/include'
pdfdir='${docdir}'
prefix='/data/see'
program_transform_name='s,x,x,'
psdir='${docdir}'
sbindir='${exec_prefix}/sbin'
sharedstatedir='${prefix}/com'
sys_symbol_underscore='yes'
sysconfdir='${prefix}/etc'
target_alias=''

## ----------- ##
## confdefs.h. ##
## ----------- ##

#define PACKAGE_NAME "libltdl"
#define PACKAGE_TARNAME "libltdl"
#define PACKAGE_VERSION "2.2.4"
#define PACKAGE_STRING "libltdl 2.2.4"
#define PACKAGE_BUGREPORT "bug-libtool@gnu.org"
#define PACKAGE "libltdl"
#define VERSION "2.2.4"
#define STDC_HEADERS 1
#define HAVE_SYS_TYPES_H 1
#define HAVE_SYS_STAT_H 1
#define HAVE_STDLIB_H 1
#define HAVE_STRING_H 1
#define HAVE_MEMORY_H 1
#define HAVE_STRINGS_H 1
#define HAVE_INTTYPES_H 1
#define HAVE_STDINT_H 1
#define HAVE_UNISTD_H 1
#define HAVE_DLFCN_H 1
#define LT_OBJDIR ".libs/"
#define LT_MODULE_EXT ".so"
#define LT_MODULE_PATH_VAR "DYLD_LIBRARY_PATH"
#define LT_DLSEARCH_PATH "/usr/local/lib:/lib:/usr/lib"
#define HAVE_LIBDL 1
#define HAVE_DLERROR 1
#define HAVE_LIBDLLOADER 1
#define error_t int
#define __error_t_defined 1
#define HAVE_PRELOADED_SYMBOLS 1
#define LTDL_DLOPEN_SELF_WORKS 1
#define HAVE_UNISTD_H 1
#define HAVE_MACH_O_DYLD_H 1
#define HAVE_DIRENT_H 1
#define HAVE_CLOSEDIR 1
#define HAVE_OPENDIR 1
#define HAVE_READDIR 1
#define HAVE_STRLCAT 1
#define HAVE_STRLCPY 1

configure: exit 0
